<?xml version="1.0" encoding="UTF-8"?>
<!-- Generated by org.testng.reporters.JUnitXMLReporter -->
<testsuite ignored="0" hostname="BigBadLaptop" failures="0" tests="2" name="ShopTestAutomation" time="49.466" errors="0" timestamp="2022-05-20T14:08:34 EEST">
  <testcase classname="io.cucumber.testng.AbstractTestNGCucumberTests" name="runScenario" time="35.035"/>
  <testcase classname="io.cucumber.testng.AbstractTestNGCucumberTests" name="runScenario" time="13.916"/>
</testsuite> <!-- ShopTestAutomation -->
