<?xml version="1.0" encoding="UTF-8"?>
<testng-results ignored="0" total="2" passed="2" failed="0" skipped="0">
  <reporter-output>
  </reporter-output>
  <suite started-at="2022-05-20T14:07:45 EEST" name="Default Suite" finished-at="2022-05-20T14:08:34 EEST" duration-ms="49466">
    <groups>
      <group name="cucumber">
        <method signature="AbstractTestNGCucumberTests.runScenario(io.cucumber.testng.PickleWrapper,io.cucumber.testng.FeatureWrapper)[pri:0, instance:Runners.CucumberRunners@732c2a62]" name="runScenario" class="io.cucumber.testng.AbstractTestNGCucumberTests"/>
      </group> <!-- cucumber -->
    </groups>
    <test started-at="2022-05-20T14:07:45 EEST" name="ShopTestAutomation" finished-at="2022-05-20T14:08:34 EEST" duration-ms="49466">
      <class name="Runners.CucumberRunners">
        <test-method is-config="true" signature="setUpClass(org.testng.ITestContext)[pri:0, instance:Runners.CucumberRunners@732c2a62]" started-at="2022-05-20T14:07:45 EEST" name="setUpClass" finished-at="2022-05-20T14:07:45 EEST" duration-ms="432" status="PASS">
          <params>
            <param index="0">
              <value>
                <![CDATA[org.testng.TestRunner@1b6924cb]]>
              </value>
            </param>
          </params>
          <reporter-output>
          </reporter-output>
        </test-method> <!-- setUpClass -->
        <test-method signature="runScenario(io.cucumber.testng.PickleWrapper,io.cucumber.testng.FeatureWrapper)[pri:0, instance:Runners.CucumberRunners@732c2a62]" started-at="2022-05-20T14:07:45 EEST" name="runScenario" description="Runs Cucumber Scenarios" data-provider="scenarios" finished-at="2022-05-20T14:08:20 EEST" duration-ms="35035" status="PASS">
          <params>
            <param index="0">
              <value>
                <![CDATA["Add First Most Expensive Products to the cart"]]>
              </value>
            </param>
            <param index="1">
              <value>
                <![CDATA["Add products to cart"]]>
              </value>
            </param>
          </params>
          <reporter-output>
          </reporter-output>
        </test-method> <!-- runScenario -->
        <test-method signature="runScenario(io.cucumber.testng.PickleWrapper,io.cucumber.testng.FeatureWrapper)[pri:0, instance:Runners.CucumberRunners@732c2a62]" started-at="2022-05-20T14:08:20 EEST" name="runScenario" description="Runs Cucumber Scenarios" data-provider="scenarios" finished-at="2022-05-20T14:08:34 EEST" duration-ms="13916" status="PASS">
          <params>
            <param index="0">
              <value>
                <![CDATA["Add Second Most Expensive Product to the cart"]]>
              </value>
            </param>
            <param index="1">
              <value>
                <![CDATA["Add products to cart"]]>
              </value>
            </param>
          </params>
          <reporter-output>
          </reporter-output>
        </test-method> <!-- runScenario -->
        <test-method is-config="true" signature="tearDownClass()[pri:0, instance:Runners.CucumberRunners@732c2a62]" started-at="2022-05-20T14:08:34 EEST" name="tearDownClass" finished-at="2022-05-20T14:08:34 EEST" duration-ms="11" status="PASS">
          <reporter-output>
          </reporter-output>
        </test-method> <!-- tearDownClass -->
      </class> <!-- Runners.CucumberRunners -->
    </test> <!-- ShopTestAutomation -->
  </suite> <!-- Default Suite -->
</testng-results>
